app/build/intermediates/manifest_merge_blame_file/debug/manifest-merger-blame-debug-report.txt
1<?xml version="1.0" encoding="utf-8"?>
2<manifest xmlns:android="http://schemas.android.com/apk/res/android"
3    package="codeztalk.elbasha.delegate"
4    android:versionCode="1"
5    android:versionName="1.0" >
6
7    <uses-sdk
8        android:minSdkVersion="19"
8-->src\main\AndroidManifest.xml
9        android:targetSdkVersion="30" />
9-->src\main\AndroidManifest.xml
10
11    <uses-permission android:name="android.permission.BLUETOOTH" />
11-->src\main\AndroidManifest.xml:6:5-68
11-->src\main\AndroidManifest.xml:6:22-65
12    <uses-permission android:name="android.permission.BLUETOOTH_ADMIN" />
12-->src\main\AndroidManifest.xml:7:5-74
12-->src\main\AndroidManifest.xml:7:22-71
13    <uses-permission android:name="android.permission.INTERNET" />
13-->src\main\AndroidManifest.xml:8:5-67
13-->src\main\AndroidManifest.xml:8:22-64
14    <uses-permission android:name="android.permission.ACCESS_NETWORK_STATE" />
14-->src\main\AndroidManifest.xml:9:5-79
14-->src\main\AndroidManifest.xml:9:22-76
15    <uses-permission android:name="android.permission.CAMERA" />
15-->src\main\AndroidManifest.xml:10:5-65
15-->src\main\AndroidManifest.xml:10:22-62
16    <uses-permission android:name="android.permission.WRITE_EXTERNAL_STORAGE" />
16-->src\main\AndroidManifest.xml:12:5-81
16-->src\main\AndroidManifest.xml:12:22-78
17    <uses-permission android:name="android.permission.READ_EXTERNAL_STORAGE" />
17-->src\main\AndroidManifest.xml:13:5-80
17-->src\main\AndroidManifest.xml:13:22-77
18    <uses-permission android:name="android.permission.ACCESS_FINE_LOCATION" />
18-->src\main\AndroidManifest.xml:15:5-79
18-->src\main\AndroidManifest.xml:15:22-76
19    <uses-permission android:name="android.permission.ACCESS_COARSE_LOCATION" />
19-->src\main\AndroidManifest.xml:16:5-81
19-->src\main\AndroidManifest.xml:16:22-78
20    <uses-permission android:name="android.permission.FOREGROUND_SERVICE" />
20-->src\main\AndroidManifest.xml:17:5-77
20-->src\main\AndroidManifest.xml:17:22-74
21
22    <application
22-->src\main\AndroidManifest.xml:19:5-118:19
23        android:name="codeztalk.elbasha.delegate.BashaApp"
23-->src\main\AndroidManifest.xml:20:9-33
24        android:allowBackup="true"
24-->src\main\AndroidManifest.xml:21:9-35
25        android:appComponentFactory="androidx.core.app.CoreComponentFactory"
25-->[androidx.core:core:1.3.1] AndroidManifest.xml:24:18-86
26        android:debuggable="true"
27        android:icon="@mipmap/ic_launcher"
27-->src\main\AndroidManifest.xml:22:9-43
28        android:label="@string/app_name"
28-->src\main\AndroidManifest.xml:23:9-41
29        android:networkSecurityConfig="@xml/network_security_config"
29-->src\main\AndroidManifest.xml:24:9-69
30        android:requestLegacyExternalStorage="true"
30-->src\main\AndroidManifest.xml:25:9-52
31        android:roundIcon="@mipmap/ic_launcher_round"
31-->src\main\AndroidManifest.xml:26:9-54
32        android:supportsRtl="true"
32-->src\main\AndroidManifest.xml:27:9-35
33        android:testOnly="true"
34        android:theme="@style/AppTheme" >
34-->src\main\AndroidManifest.xml:28:9-40
35        <meta-data
35-->src\main\AndroidManifest.xml:32:9-34:69
36            android:name="com.google.android.gms.version"
36-->src\main\AndroidManifest.xml:33:13-58
37            android:value="@integer/google_play_services_version" />
37-->src\main\AndroidManifest.xml:34:13-66
38
39        <provider
39-->src\main\AndroidManifest.xml:36:9-44:20
40            android:name="androidx.core.content.FileProvider"
40-->src\main\AndroidManifest.xml:37:13-62
41            android:authorities="codeztalk.elbasha.delegate.fileprovider"
41-->src\main\AndroidManifest.xml:38:13-74
42            android:exported="false"
42-->src\main\AndroidManifest.xml:39:13-37
43            android:grantUriPermissions="true" >
43-->src\main\AndroidManifest.xml:40:13-47
44            <meta-data
44-->src\main\AndroidManifest.xml:41:13-43:53
45                android:name="android.support.FILE_PROVIDER_PATHS"
45-->src\main\AndroidManifest.xml:42:17-67
46                android:resource="@xml/filepaths" />
46-->src\main\AndroidManifest.xml:43:17-50
47        </provider>
48
49        <activity android:name="codeztalk.elbasha.delegate.activities.SplashActivity" >
49-->src\main\AndroidManifest.xml:46:9-52:20
49-->src\main\AndroidManifest.xml:46:19-60
50            <intent-filter>
50-->src\main\AndroidManifest.xml:47:13-51:29
51                <action android:name="android.intent.action.MAIN" />
51-->src\main\AndroidManifest.xml:48:17-69
51-->src\main\AndroidManifest.xml:48:25-66
52
53                <category android:name="android.intent.category.LAUNCHER" />
53-->src\main\AndroidManifest.xml:50:17-77
53-->src\main\AndroidManifest.xml:50:27-74
54            </intent-filter>
55        </activity>
56        <activity
56-->src\main\AndroidManifest.xml:54:9-56:52
57            android:name="codeztalk.elbasha.delegate.activities.printer.TaskPrintActivity"
57-->src\main\AndroidManifest.xml:55:13-65
58            android:screenOrientation="portrait" />
58-->src\main\AndroidManifest.xml:56:13-49
59        <activity
59-->src\main\AndroidManifest.xml:58:9-60:52
60            android:name="codeztalk.elbasha.delegate.activities.printer.DeviceListActivity"
60-->src\main\AndroidManifest.xml:59:13-66
61            android:screenOrientation="portrait" />
61-->src\main\AndroidManifest.xml:60:13-49
62        <activity
62-->src\main\AndroidManifest.xml:62:9-64:52
63            android:name="codeztalk.elbasha.delegate.activities.stock.DeviceStockActivity"
63-->src\main\AndroidManifest.xml:63:13-65
64            android:screenOrientation="portrait" />
64-->src\main\AndroidManifest.xml:64:13-49
65        <activity
65-->src\main\AndroidManifest.xml:65:9-67:52
66            android:name="codeztalk.elbasha.delegate.activities.stock.StockActivity"
66-->src\main\AndroidManifest.xml:66:13-59
67            android:screenOrientation="portrait" />
67-->src\main\AndroidManifest.xml:67:13-49
68        <activity
68-->src\main\AndroidManifest.xml:69:9-71:52
69            android:name="codeztalk.elbasha.delegate.activities.credit.CreditInvoiceActivity"
69-->src\main\AndroidManifest.xml:70:13-68
70            android:screenOrientation="portrait" />
70-->src\main\AndroidManifest.xml:71:13-49
71        <activity
71-->src\main\AndroidManifest.xml:72:9-74:52
72            android:name="codeztalk.elbasha.delegate.activities.credit.DeviceCreditActivity"
72-->src\main\AndroidManifest.xml:73:13-67
73            android:screenOrientation="portrait" />
73-->src\main\AndroidManifest.xml:74:13-49
74        <activity
74-->src\main\AndroidManifest.xml:76:9-78:52
75            android:name="codeztalk.elbasha.delegate.activities.HomeActivity"
75-->src\main\AndroidManifest.xml:77:13-52
76            android:screenOrientation="portrait" />
76-->src\main\AndroidManifest.xml:78:13-49
77        <activity
77-->src\main\AndroidManifest.xml:81:9-83:52
78            android:name="codeztalk.elbasha.delegate.activities.ReportActivity"
78-->src\main\AndroidManifest.xml:82:13-54
79            android:screenOrientation="portrait" />
79-->src\main\AndroidManifest.xml:83:13-49
80        <activity
80-->src\main\AndroidManifest.xml:85:9-87:52
81            android:name="codeztalk.elbasha.delegate.activities.LoginActivity"
81-->src\main\AndroidManifest.xml:86:13-53
82            android:screenOrientation="portrait" />
82-->src\main\AndroidManifest.xml:87:13-49
83        <activity
83-->src\main\AndroidManifest.xml:89:9-91:52
84            android:name="codeztalk.elbasha.delegate.activities.AddClientActivity"
84-->src\main\AndroidManifest.xml:90:13-57
85            android:screenOrientation="portrait" />
85-->src\main\AndroidManifest.xml:91:13-49
86        <activity
86-->src\main\AndroidManifest.xml:93:9-95:52
87            android:name="codeztalk.elbasha.delegate.activities.AddInvoiceActivity"
87-->src\main\AndroidManifest.xml:94:13-58
88            android:screenOrientation="portrait" />
88-->src\main\AndroidManifest.xml:95:13-49
89        <activity
89-->src\main\AndroidManifest.xml:97:9-99:52
90            android:name="codeztalk.elbasha.delegate.activities.AddPocketActivity"
90-->src\main\AndroidManifest.xml:98:13-57
91            android:screenOrientation="portrait" />
91-->src\main\AndroidManifest.xml:99:13-49
92        <activity
92-->src\main\AndroidManifest.xml:101:9-103:52
93            android:name="codeztalk.elbasha.delegate.activities.categoryProduct.CategoryProductsActivity"
93-->src\main\AndroidManifest.xml:102:13-80
94            android:screenOrientation="portrait" />
94-->src\main\AndroidManifest.xml:103:13-49
95        <activity
95-->src\main\AndroidManifest.xml:105:9-107:52
96            android:name="codeztalk.elbasha.delegate.activities.ClientProfileActivity"
96-->src\main\AndroidManifest.xml:106:13-61
97            android:screenOrientation="portrait" />
97-->src\main\AndroidManifest.xml:107:13-49
98        <activity
98-->src\main\AndroidManifest.xml:109:9-111:59
99            android:name="com.theartofdev.edmodo.cropper.CropImageActivity"
99-->src\main\AndroidManifest.xml:110:13-76
100            android:theme="@style/Base.Theme.AppCompat" />
100-->src\main\AndroidManifest.xml:111:13-56
101
102        <meta-data
102-->src\main\AndroidManifest.xml:32:9-34:69
103            android:name="com.google.android.gms.version"
103-->src\main\AndroidManifest.xml:33:13-58
104            android:value="@integer/google_play_services_version" />
104-->src\main\AndroidManifest.xml:34:13-66
105
106        <activity
106-->[com.google.android.gms:play-services-base:17.3.0] AndroidManifest.xml:23:9-26:75
107            android:name="com.google.android.gms.common.api.GoogleApiActivity"
107-->[com.google.android.gms:play-services-base:17.3.0] AndroidManifest.xml:24:13-79
108            android:exported="false"
108-->[com.google.android.gms:play-services-base:17.3.0] AndroidManifest.xml:25:13-37
109            android:theme="@android:style/Theme.Translucent.NoTitleBar" />
109-->[com.google.android.gms:play-services-base:17.3.0] AndroidManifest.xml:26:13-72
110
111        <provider
111-->[androidx.lifecycle:lifecycle-process:2.0.0] AndroidManifest.xml:23:9-27:43
112            android:name="androidx.lifecycle.ProcessLifecycleOwnerInitializer"
112-->[androidx.lifecycle:lifecycle-process:2.0.0] AndroidManifest.xml:24:13-79
113            android:authorities="codeztalk.elbasha.delegate.lifecycle-process"
113-->[androidx.lifecycle:lifecycle-process:2.0.0] AndroidManifest.xml:25:13-69
114            android:exported="false"
114-->[androidx.lifecycle:lifecycle-process:2.0.0] AndroidManifest.xml:26:13-37
115            android:multiprocess="true" />
115-->[androidx.lifecycle:lifecycle-process:2.0.0] AndroidManifest.xml:27:13-40
116    </application>
117
118</manifest>